# JRE version: OpenJDK Runtime Environment (7.0_85-b01) (build 1.7.0_85-b01)
# Java VM: OpenJDK 64-Bit Server VM (24.85-b03 mixed mode linux-amd64 compressed oops)
Heap
 PSYoungGen      total 88576K, used 79816K [0x00000000f8000000, 0x00000000fe100000, 0x0000000100000000)
  eden space 83968K, 89% used [0x00000000f8000000,0x00000000fc979db0,0x00000000fd200000)
  from space 4608K, 99% used [0x00000000fd880000,0x00000000fdcf8448,0x00000000fdd00000)
  to   space 6656K, 0% used [0x00000000fd200000,0x00000000fd200000,0x00000000fd880000)
 ParOldGen       total 27648K, used 12325K [0x00000000e8000000, 0x00000000e9b00000, 0x00000000f8000000)
  object space 27648K, 44% used [0x00000000e8000000,0x00000000e8c09460,0x00000000e9b00000)
 PSPermGen       total 21504K, used 20069K [0x00000000d8000000, 0x00000000d9500000, 0x00000000e8000000)
  object space 21504K, 93% used [0x00000000d8000000,0x00000000d93994b8,0x00000000d9500000)
GC Heap History (10 events):
Event: 2.559 GC heap before
{Heap before GC invocations=4 (full 0):
 PSYoungGen      total 12288K, used 12260K [0x00000000f8000000, 0x00000000f9800000, 0x0000000100000000)
  eden space 10752K, 100% used [0x00000000f8000000,0x00000000f8a80000,0x00000000f8a80000)
  from space 1536K, 98% used [0x00000000f8a80000,0x00000000f8bf90d0,0x00000000f8c00000)
  to   space 1536K, 0% used [0x00000000f9680000,0x00000000f9680000,0x00000000f9800000)
 ParOldGen       total 27648K, used 4736K [0x00000000e8000000, 0x00000000e9b00000, 0x00000000f8000000)
  object space 27648K, 17% used [0x00000000e8000000,0x00000000e84a0088,0x00000000e9b00000)
 PSPermGen       total 21504K, used 11879K [0x00000000d8000000, 0x00000000d9500000, 0x00000000e8000000)
  object space 21504K, 55% used [0x00000000d8000000,0x00000000d8b99f78,0x00000000d9500000)
Event: 2.564 GC heap after
Heap after GC invocations=4 (full 0):
 PSYoungGen      total 23040K, used 1524K [0x00000000f8000000, 0x00000000f9800000, 0x0000000100000000)
  eden space 21504K, 0% used [0x00000000f8000000,0x00000000f8000000,0x00000000f9500000)
  from space 1536K, 99% used [0x00000000f9680000,0x00000000f97fd0a0,0x00000000f9800000)
  to   space 1536K, 0% used [0x00000000f9500000,0x00000000f9500000,0x00000000f9680000)
 ParOldGen       total 27648K, used 6955K [0x00000000e8000000, 0x00000000e9b00000, 0x00000000f8000000)
  object space 27648K, 25% used [0x00000000e8000000,0x00000000e86cade0,0x00000000e9b00000)
 PSPermGen       total 21504K, used 11879K [0x00000000d8000000, 0x00000000d9500000, 0x00000000e8000000)
  object space 21504K, 55% used [0x00000000d8000000,0x00000000d8b99f78,0x00000000d9500000)
}
Event: 3.198 GC heap before
{Heap before GC invocations=5 (full 0):
 PSYoungGen      total 23040K, used 23028K [0x00000000f8000000, 0x00000000f9800000, 0x0000000100000000)
  eden space 21504K, 100% used [0x00000000f8000000,0x00000000f9500000,0x00000000f9500000)
  from space 1536K, 99% used [0x00000000f9680000,0x00000000f97fd0a0,0x00000000f9800000)
  to   space 1536K, 0% used [0x00000000f9500000,0x00000000f9500000,0x00000000f9680000)
 ParOldGen       total 27648K, used 6955K [0x00000000e8000000, 0x00000000e9b00000, 0x00000000f8000000)
  object space 27648K, 25% used [0x00000000e8000000,0x00000000e86cade0,0x00000000e9b00000)
 PSPermGen       total 21504K, used 13366K [0x00000000d8000000, 0x00000000d9500000, 0x00000000e8000000)
  object space 21504K, 62% used [0x00000000d8000000,0x00000000d8d0db98,0x00000000d9500000)
Event: 3.202 GC heap after
Heap after GC invocations=5 (full 0):
 PSYoungGen      total 23040K, used 1524K [0x00000000f8000000, 0x00000000fb300000, 0x0000000100000000)
  eden space 21504K, 0% used [0x00000000f8000000,0x00000000f8000000,0x00000000f9500000)
  from space 1536K, 99% used [0x00000000f9500000,0x00000000f967d0a0,0x00000000f9680000)
  to   space 4608K, 0% used [0x00000000fae80000,0x00000000fae80000,0x00000000fb300000)
 ParOldGen       total 27648K, used 8729K [0x00000000e8000000, 0x00000000e9b00000, 0x00000000f8000000)
  object space 27648K, 31% used [0x00000000e8000000,0x00000000e8886520,0x00000000e9b00000)
 PSPermGen       total 21504K, used 13366K [0x00000000d8000000, 0x00000000d9500000, 0x00000000e8000000)
  object space 21504K, 62% used [0x00000000d8000000,0x00000000d8d0db98,0x00000000d9500000)
}
Event: 3.569 GC heap before
{Heap before GC invocations=6 (full 0):
 PSYoungGen      total 23040K, used 23028K [0x00000000f8000000, 0x00000000fb300000, 0x0000000100000000)
  eden space 21504K, 100% used [0x00000000f8000000,0x00000000f9500000,0x00000000f9500000)
  from space 1536K, 99% used [0x00000000f9500000,0x00000000f967d0a0,0x00000000f9680000)
  to   space 4608K, 0% used [0x00000000fae80000,0x00000000fae80000,0x00000000fb300000)
 ParOldGen       total 27648K, used 8729K [0x00000000e8000000, 0x00000000e9b00000, 0x00000000f8000000)
  object space 27648K, 31% used [0x00000000e8000000,0x00000000e8886520,0x00000000e9b00000)
 PSPermGen       total 21504K, used 13409K [0x00000000d8000000, 0x00000000d9500000, 0x00000000e8000000)
  object space 21504K, 62% used [0x00000000d8000000,0x00000000d8d185d8,0x00000000d9500000)
Event: 3.575 GC heap after
Heap after GC invocations=6 (full 0):
 PSYoungGen      total 47616K, used 2644K [0x00000000f8000000, 0x00000000fb300000, 0x0000000100000000)
  eden space 43008K, 0% used [0x00000000f8000000,0x00000000f8000000,0x00000000faa00000)
  from space 4608K, 57% used [0x00000000fae80000,0x00000000fb1150a0,0x00000000fb300000)
  to   space 4608K, 0% used [0x00000000faa00000,0x00000000faa00000,0x00000000fae80000)
 ParOldGen       total 27648K, used 8729K [0x00000000e8000000, 0x00000000e9b00000, 0x00000000f8000000)
  object space 27648K, 31% used [0x00000000e8000000,0x00000000e8886520,0x00000000e9b00000)
 PSPermGen       total 21504K, used 13409K [0x00000000d8000000, 0x00000000d9500000, 0x00000000e8000000)
  object space 21504K, 62% used [0x00000000d8000000,0x00000000d8d185d8,0x00000000d9500000)
}
Event: 3.828 GC heap before
{Heap before GC invocations=7 (full 0):
 PSYoungGen      total 47616K, used 45652K [0x00000000f8000000, 0x00000000fb300000, 0x0000000100000000)
  eden space 43008K, 100% used [0x00000000f8000000,0x00000000faa00000,0x00000000faa00000)
  from space 4608K, 57% used [0x00000000fae80000,0x00000000fb1150a0,0x00000000fb300000)
  to   space 4608K, 0% used [0x00000000faa00000,0x00000000faa00000,0x00000000fae80000)
 ParOldGen       total 27648K, used 8729K [0x00000000e8000000, 0x00000000e9b00000, 0x00000000f8000000)
  object space 27648K, 31% used [0x00000000e8000000,0x00000000e8886520,0x00000000e9b00000)
 PSPermGen       total 21504K, used 13450K [0x00000000d8000000, 0x00000000d9500000, 0x00000000e8000000)
  object space 21504K, 62% used [0x00000000d8000000,0x00000000d8d22b00,0x00000000d9500000)
Event: 3.832 GC heap after
Heap after GC invocations=7 (full 0):
 PSYoungGen      total 47616K, used 1940K [0x00000000f8000000, 0x00000000fdd00000, 0x0000000100000000)
  eden space 43008K, 0% used [0x00000000f8000000,0x00000000f8000000,0x00000000faa00000)
  from space 4608K, 42% used [0x00000000faa00000,0x00000000fabe50a0,0x00000000fae80000)
  to   space 4608K, 0% used [0x00000000fd880000,0x00000000fd880000,0x00000000fdd00000)
 ParOldGen       total 27648K, used 9367K [0x00000000e8000000, 0x00000000e9b00000, 0x00000000f8000000)
  object space 27648K, 33% used [0x00000000e8000000,0x00000000e8925d90,0x00000000e9b00000)
 PSPermGen       total 21504K, used 13450K [0x00000000d8000000, 0x00000000d9500000, 0x00000000e8000000)
  object space 21504K, 62% used [0x00000000d8000000,0x00000000d8d22b00,0x00000000d9500000)
}
Event: 4.602 GC heap before
{Heap before GC invocations=8 (full 0):
 PSYoungGen      total 47616K, used 44948K [0x00000000f8000000, 0x00000000fdd00000, 0x0000000100000000)
  eden space 43008K, 100% used [0x00000000f8000000,0x00000000faa00000,0x00000000faa00000)
  from space 4608K, 42% used [0x00000000faa00000,0x00000000fabe50a0,0x00000000fae80000)
  to   space 4608K, 0% used [0x00000000fd880000,0x00000000fd880000,0x00000000fdd00000)
 ParOldGen       total 27648K, used 9367K [0x00000000e8000000, 0x00000000e9b00000, 0x00000000f8000000)
  object space 27648K, 33% used [0x00000000e8000000,0x00000000e8925d90,0x00000000e9b00000)
 PSPermGen       total 21504K, used 14849K [0x00000000d8000000, 0x00000000d9500000, 0x00000000e8000000)
  object space 21504K, 69% used [0x00000000d8000000,0x00000000d8e804c0,0x00000000d9500000)
Event: 4.612 GC heap after
Heap after GC invocations=8 (full 0):
 PSYoungGen      total 88576K, used 4577K [0x00000000f8000000, 0x00000000fe100000, 0x0000000100000000)
  eden space 83968K, 0% used [0x00000000f8000000,0x00000000f8000000,0x00000000fd200000)
  from space 4608K, 99% used [0x00000000fd880000,0x00000000fdcf8448,0x00000000fdd00000)
  to   space 6656K, 0% used [0x00000000fd200000,0x00000000fd200000,0x00000000fd880000)
 ParOldGen       total 27648K, used 12325K [0x00000000e8000000, 0x00000000e9b00000, 0x00000000f8000000)
  object space 27648K, 44% used [0x00000000e8000000,0x00000000e8c09460,0x00000000e9b00000)
 PSPermGen       total 21504K, used 14849K [0x00000000d8000000, 0x00000000d9500000, 0x00000000e8000000)
  object space 21504K, 69% used [0x00000000d8000000,0x00000000d8e804c0,0x00000000d9500000)
}

